<?xml version="1.0" encoding="UTF-8"?>
<!-- Generated by org.testng.reporters.JUnitReportReporter -->
<testsuite hostname="KomalR-L" failures="0" tests="1" name="cucumber.TestNGTestRunner" time="18.079" errors="0" timestamp="2024-09-24T11:43:46 IST" skipped="0">
  <testcase classname="cucumber.TestNGTestRunner" name="runScenario" time="18.079"/>
  <system-out/>
</testsuite> <!-- cucumber.TestNGTestRunner -->
