<?xml version="1.0" encoding="UTF-8"?>
<!-- Generated by org.testng.reporters.JUnitReportReporter -->
<testsuite hostname="KomalR-L" failures="0" tests="3" name="com.selenium.tests.SubmitOrderTest" time="46.965" errors="0" timestamp="2024-09-20T17:34:16 IST" skipped="0">
  <testcase classname="com.selenium.tests.SubmitOrderTest" name="submitOrderTest" time="22.729"/>
  <system-out/>
  <testcase classname="com.selenium.tests.SubmitOrderTest" name="submitOrderTest" time="19.693"/>
  <system-out/>
  <testcase classname="com.selenium.tests.SubmitOrderTest" name="OrderHistoryTest" time="4.543"/>
  <system-out/>
</testsuite> <!-- com.selenium.tests.SubmitOrderTest -->
