<?xml version="1.0" encoding="UTF-8"?>
<!-- Generated by org.testng.reporters.JUnitReportReporter -->
<testsuite hostname="KomalR-L" failures="0" tests="1" name="com.selenium.tests.ErrorValidations" time="4.844" errors="0" timestamp="2024-09-18T15:04:04 IST" skipped="0">
  <testcase classname="com.selenium.tests.ErrorValidations" name="submitOrderTest" time="4.844"/>
  <system-out/>
</testsuite> <!-- com.selenium.tests.ErrorValidations -->
