<?xml version="1.0" encoding="UTF-8"?>
<!-- Generated by org.testng.reporters.JUnitReportReporter -->
<testsuite hostname="KomalR-L" failures="0" tests="2" name="com.selenium.tests.ErrorValidationsTest" time="24.429" errors="0" timestamp="2024-09-24T11:51:42 IST" skipped="0">
  <testcase classname="com.selenium.tests.ErrorValidationsTest" name="LoginErrorValidations" time="3.936"/>
  <testcase classname="com.selenium.tests.ErrorValidationsTest" name="ProductErrorValidations" time="20.493"/>
</testsuite> <!-- com.selenium.tests.ErrorValidationsTest -->
