<?xml version="1.0" encoding="UTF-8"?>
<!-- Generated by org.testng.reporters.JUnitReportReporter -->
<testsuite hostname="KomalR-L" failures="0" tests="1" name="com.selenium.tests.CommentsSubmitOrderTest" time="19.698" errors="0" timestamp="2024-09-24T11:51:42 IST" skipped="0">
  <testcase classname="com.selenium.tests.CommentsSubmitOrderTest" name="submitOrderTest" time="19.698"/>
</testsuite> <!-- com.selenium.tests.CommentsSubmitOrderTest -->
