<?xml version="1.0" encoding="UTF-8"?>
<!-- Generated by org.testng.reporters.JUnitReportReporter -->
<testsuite hostname="KomalR-L" failures="0" tests="3" name="com.selenium.tests.SubmitOrderTest" time="41.650" errors="0" timestamp="2024-09-24T11:51:42 IST" skipped="0">
  <testcase classname="com.selenium.tests.SubmitOrderTest" name="OrderHistoryTest" time="4.476"/>
  <testcase classname="com.selenium.tests.SubmitOrderTest" name="submitOrderTest" time="18.561"/>
  <testcase classname="com.selenium.tests.SubmitOrderTest" name="submitOrderTest" time="18.613"/>
</testsuite> <!-- com.selenium.tests.SubmitOrderTest -->
